# JRE version: OpenJDK Runtime Environment Zulu15.29+15-CA (15.0.2+7) (build 15.0.2+7)
# Java VM: OpenJDK 64-Bit Server VM Zulu15.29+15-CA (15.0.2+7, mixed mode, tiered, compressed oops, g1 gc, bsd-aarch64)
GC Precious Log:
 CPUs: 8 total, 8 available
 Memory: 16384M
 Large Page Support: Disabled
 NUMA Support: Disabled
 Compressed Oops: Enabled (Zero based)
 Heap Region Size: 2M
 Heap Min Capacity: 8M
 Heap Initial Capacity: 256M
 Heap Max Capacity: 4G
 Pre-touch: Disabled
 Parallel Workers: 8
 Concurrent Workers: 2
 Concurrent Refinement Workers: 8
 Periodic GC: Disabled
Heap:
 garbage-first heap   total 110592K, used 37232K [0x00000006c0000000, 0x00000007c0000000)
  region size 2048K, 9 young (18432K), 4 survivors (8192K)
 Metaspace       used 48101K, capacity 48709K, committed 48896K, reserved 1091584K
  class space    used 5778K, capacity 5966K, committed 6016K, reserved 1048576K
GC Heap History (20 events):
Event: 0.280 GC heap before
{Heap before GC invocations=0 (full 0):
 garbage-first heap   total 262144K, used 20480K [0x00000006c0000000, 0x00000007c0000000)
  region size 2048K, 11 young (22528K), 0 survivors (0K)
 Metaspace       used 9607K, capacity 9750K, committed 9984K, reserved 1058816K
  class space    used 903K, capacity 950K, committed 1024K, reserved 1048576K
}
Event: 0.282 GC heap after
{Heap after GC invocations=1 (full 0):
 garbage-first heap   total 262144K, used 7509K [0x00000006c0000000, 0x00000007c0000000)
  region size 2048K, 2 young (4096K), 2 survivors (4096K)
 Metaspace       used 9607K, capacity 9750K, committed 9984K, reserved 1058816K
  class space    used 903K, capacity 950K, committed 1024K, reserved 1048576K
}
Event: 0.469 GC heap before
{Heap before GC invocations=1 (full 0):
 garbage-first heap   total 262144K, used 30037K [0x00000006c0000000, 0x00000007c0000000)
  region size 2048K, 13 young (26624K), 2 survivors (4096K)
 Metaspace       used 13124K, capacity 13347K, committed 13440K, reserved 1060864K
  class space    used 1303K, capacity 1356K, committed 1408K, reserved 1048576K
}
Event: 0.475 GC heap after
{Heap after GC invocations=2 (full 0):
 garbage-first heap   total 262144K, used 8957K [0x00000006c0000000, 0x00000007c0000000)
  region size 2048K, 1 young (2048K), 1 survivors (2048K)
 Metaspace       used 13124K, capacity 13347K, committed 13440K, reserved 1060864K
  class space    used 1303K, capacity 1356K, committed 1408K, reserved 1048576K
}
Event: 0.799 GC heap before
{Heap before GC invocations=2 (full 0):
 garbage-first heap   total 262144K, used 62205K [0x00000006c0000000, 0x00000007c0000000)
  region size 2048K, 28 young (57344K), 1 survivors (2048K)
 Metaspace       used 20970K, capacity 21262K, committed 21296K, reserved 1069056K
  class space    used 2361K, capacity 2432K, committed 2432K, reserved 1048576K
}
Event: 0.801 GC heap after
{Heap after GC invocations=3 (full 0):
 garbage-first heap   total 262144K, used 10615K [0x00000006c0000000, 0x00000007c0000000)
  region size 2048K, 2 young (4096K), 2 survivors (4096K)
 Metaspace       used 20970K, capacity 21262K, committed 21296K, reserved 1069056K
  class space    used 2361K, capacity 2432K, committed 2432K, reserved 1048576K
}
Event: 0.926 GC heap before
{Heap before GC invocations=4 (full 0):
 garbage-first heap   total 55296K, used 53623K [0x00000006c0000000, 0x00000007c0000000)
  region size 2048K, 23 young (47104K), 2 survivors (4096K)
 Metaspace       used 27612K, capacity 27936K, committed 28080K, reserved 1075200K
  class space    used 3197K, capacity 3314K, committed 3328K, reserved 1048576K
}
Event: 0.930 GC heap after
{Heap after GC invocations=5 (full 0):
 garbage-first heap   total 61440K, used 12135K [0x00000006c0000000, 0x00000007c0000000)
  region size 2048K, 3 young (6144K), 3 survivors (6144K)
 Metaspace       used 27612K, capacity 27936K, committed 28080K, reserved 1075200K
  class space    used 3197K, capacity 3314K, committed 3328K, reserved 1048576K
}
Event: 1.055 GC heap before
{Heap before GC invocations=5 (full 0):
 garbage-first heap   total 61440K, used 38759K [0x00000006c0000000, 0x00000007c0000000)
  region size 2048K, 17 young (34816K), 3 survivors (6144K)
 Metaspace       used 32048K, capacity 32444K, committed 32560K, reserved 1077248K
  class space    used 3732K, capacity 3877K, committed 3968K, reserved 1048576K
}
Event: 1.059 GC heap after
{Heap after GC invocations=6 (full 0):
 garbage-first heap   total 161792K, used 13991K [0x00000006c0000000, 0x00000007c0000000)
  region size 2048K, 3 young (6144K), 3 survivors (6144K)
 Metaspace       used 32048K, capacity 32444K, committed 32560K, reserved 1077248K
  class space    used 3732K, capacity 3877K, committed 3968K, reserved 1048576K
}
Event: 1.225 GC heap before
{Heap before GC invocations=6 (full 0):
 garbage-first heap   total 161792K, used 40615K [0x00000006c0000000, 0x00000007c0000000)
  region size 2048K, 18 young (36864K), 3 survivors (6144K)
 Metaspace       used 35107K, capacity 35598K, committed 35712K, reserved 1081344K
  class space    used 4134K, capacity 4298K, committed 4352K, reserved 1048576K
}
Event: 1.230 GC heap after
{Heap after GC invocations=7 (full 0):
 garbage-first heap   total 161792K, used 18796K [0x00000006c0000000, 0x00000007c0000000)
  region size 2048K, 5 young (10240K), 5 survivors (10240K)
 Metaspace       used 35107K, capacity 35598K, committed 35712K, reserved 1081344K
  class space    used 4134K, capacity 4298K, committed 4352K, reserved 1048576K
}
Event: 1.333 GC heap before
{Heap before GC invocations=8 (full 0):
 garbage-first heap   total 75776K, used 72044K [0x00000006c0000000, 0x00000007c0000000)
  region size 2048K, 32 young (65536K), 5 survivors (10240K)
 Metaspace       used 35403K, capacity 35892K, committed 35968K, reserved 1081344K
  class space    used 4159K, capacity 4332K, committed 4352K, reserved 1048576K
}
Event: 1.338 GC heap after
{Heap after GC invocations=9 (full 0):
 garbage-first heap   total 90112K, used 20078K [0x00000006c0000000, 0x00000007c0000000)
  region size 2048K, 4 young (8192K), 4 survivors (8192K)
 Metaspace       used 35403K, capacity 35892K, committed 35968K, reserved 1081344K
  class space    used 4159K, capacity 4332K, committed 4352K, reserved 1048576K
}
Event: 1.504 GC heap before
{Heap before GC invocations=9 (full 0):
 garbage-first heap   total 90112K, used 58990K [0x00000006c0000000, 0x00000007c0000000)
  region size 2048K, 24 young (49152K), 4 survivors (8192K)
 Metaspace       used 37468K, capacity 37963K, committed 38016K, reserved 1083392K
  class space    used 4412K, capacity 4567K, committed 4608K, reserved 1048576K
}
Event: 1.508 GC heap after
{Heap after GC invocations=10 (full 0):
 garbage-first heap   total 90112K, used 22827K [0x00000006c0000000, 0x00000007c0000000)
  region size 2048K, 2 young (4096K), 2 survivors (4096K)
 Metaspace       used 37468K, capacity 37963K, committed 38016K, reserved 1083392K
  class space    used 4412K, capacity 4567K, committed 4608K, reserved 1048576K
}
Event: 1.746 GC heap before
{Heap before GC invocations=10 (full 0):
 garbage-first heap   total 90112K, used 65835K [0x00000006c0000000, 0x00000007c0000000)
  region size 2048K, 23 young (47104K), 2 survivors (4096K)
 Metaspace       used 40821K, capacity 41454K, committed 41600K, reserved 1085440K
  class space    used 4806K, capacity 5011K, committed 5120K, reserved 1048576K
}
Event: 1.752 GC heap after
{Heap after GC invocations=11 (full 0):
 garbage-first heap   total 110592K, used 24743K [0x00000006c0000000, 0x00000007c0000000)
  region size 2048K, 2 young (4096K), 2 survivors (4096K)
 Metaspace       used 40821K, capacity 41454K, committed 41600K, reserved 1085440K
  class space    used 4806K, capacity 5011K, committed 5120K, reserved 1048576K
}
Event: 2.063 GC heap before
{Heap before GC invocations=11 (full 0):
 garbage-first heap   total 110592K, used 84135K [0x00000006c0000000, 0x00000007c0000000)
  region size 2048K, 31 young (63488K), 2 survivors (4096K)
 Metaspace       used 47228K, capacity 47801K, committed 48000K, reserved 1091584K
  class space    used 5647K, capacity 5834K, committed 5888K, reserved 1048576K
}
Event: 2.072 GC heap after
{Heap after GC invocations=12 (full 0):
 garbage-first heap   total 110592K, used 29040K [0x00000006c0000000, 0x00000007c0000000)
  region size 2048K, 4 young (8192K), 4 survivors (8192K)
 Metaspace       used 47228K, capacity 47801K, committed 48000K, reserved 1091584K
  class space    used 5647K, capacity 5834K, committed 5888K, reserved 1048576K
}

